2025-05-08 19:58:40,146 - INFO - Создан объект игры DiceGame
2025-05-08 19:58:40,146 - INFO - Инициализирована игра Кости
2025-05-08 19:58:40,146 - INFO - Создан объект игры RSPGame
2025-05-08 19:58:40,146 - INFO - Инициализирована игра Камень-Ножницы-Бумага
2025-05-08 19:58:40,146 - INFO - Создан объект игры RouletteGame
2025-05-08 19:58:40,146 - INFO - Инициализирована игра Рулетка
2025-05-08 19:58:40,147 - INFO - Бот инициализирован
2025-05-08 19:58:40,178 - INFO - Бот запущен и ожидает сообщений
2025-05-08 20:00:41,958 - INFO - Создан объект игры DiceGame
2025-05-08 20:00:41,958 - INFO - Инициализирована игра Кости
2025-05-08 20:00:41,958 - INFO - Создан объект игры RSPGame
2025-05-08 20:00:41,958 - INFO - Инициализирована игра Камень-Ножницы-Бумага
2025-05-08 20:00:41,958 - INFO - Создан объект игры RouletteGame
2025-05-08 20:00:41,958 - INFO - Инициализирована игра Рулетка
2025-05-08 20:00:41,958 - INFO - Бот инициализирован
2025-05-08 20:00:41,983 - INFO - Бот запущен и ожидает сообщений
2025-05-08 20:24:57,275 - INFO - Создан объект игры DiceGame
2025-05-08 20:24:57,275 - INFO - Инициализирована игра Кости
2025-05-08 20:24:57,275 - INFO - Создан объект игры RSPGame
2025-05-08 20:24:57,275 - INFO - Инициализирована игра Камень-Ножницы-Бумага
2025-05-08 20:24:57,276 - INFO - Создан объект игры RouletteGame
2025-05-08 20:24:57,276 - INFO - Инициализирована игра Рулетка
2025-05-08 20:24:57,276 - INFO - Бот инициализирован
2025-05-08 20:25:29,498 - INFO - Создан объект игры DiceGame
2025-05-08 20:25:29,498 - INFO - Инициализирована игра Кости
2025-05-08 20:25:29,498 - INFO - Создан объект игры RSPGame
2025-05-08 20:25:29,498 - INFO - Инициализирована игра Камень-Ножницы-Бумага
2025-05-08 20:25:29,498 - INFO - Создан объект игры RouletteGame
2025-05-08 20:25:29,498 - INFO - Инициализирована игра Рулетка
2025-05-08 20:25:29,498 - INFO - Бот инициализирован
2025-05-08 20:29:33,860 - INFO - Создан объект игры DiceGame
2025-05-08 20:29:33,860 - INFO - Инициализирована игра Кости
2025-05-08 20:29:33,860 - INFO - Создан объект игры RSPGame
2025-05-08 20:29:33,860 - INFO - Инициализирована игра Камень-Ножницы-Бумага
2025-05-08 20:29:33,860 - INFO - Создан объект игры RouletteGame
2025-05-08 20:29:33,860 - INFO - Инициализирована игра Рулетка
2025-05-08 20:29:33,860 - INFO - Бот инициализирован
2025-05-08 20:29:33,861 - INFO - Бот запущен и ожидает сообщений
2025-05-08 20:29:46,535 - INFO - Обработка callback от 1850367006: Dice
2025-05-08 20:29:46,536 - INFO - Запуск Кости для 1850367006
2025-05-08 20:29:48,256 - INFO - Кости: игрок 5 vs бот 1 (user: 1850367006)
2025-05-08 20:29:50,630 - INFO - Обработка callback от 1850367006: Back
2025-05-08 20:29:57,746 - INFO - Показано стартовое сообщение для 1850367006
2025-05-08 20:29:57,746 - INFO - Показано главное меню для 1850367006
2025-05-08 20:30:04,132 - INFO - Обработка callback от 1850367006: Dice
2025-05-08 20:30:04,133 - INFO - Запуск Кости для 1850367006
2025-05-08 20:30:05,535 - INFO - Кости: игрок 2 vs бот 6 (user: 1850367006)
2025-05-08 20:30:07,701 - INFO - Обработка callback от 1850367006: RestartDice
2025-05-08 20:30:07,701 - INFO - Кости: игрок 4 vs бот 1 (user: 1850367006)
2025-05-08 20:30:09,037 - INFO - Обработка callback от 1850367006: RestartDice
2025-05-08 20:30:09,037 - INFO - Кости: игрок 2 vs бот 5 (user: 1850367006)
2025-05-08 20:30:10,320 - INFO - Обработка callback от 1850367006: Back
2025-05-08 20:30:13,547 - INFO - Показано стартовое сообщение для 1850367006
2025-05-08 20:30:13,547 - INFO - Показано главное меню для 1850367006
2025-05-08 20:35:32,742 - INFO - Создан объект игры DiceGame
2025-05-08 20:35:32,742 - INFO - Инициализирована игра Кости
2025-05-08 20:35:32,742 - INFO - Создан объект игры RSPGame
2025-05-08 20:35:32,742 - INFO - Инициализирована игра Камень-Ножницы-Бумага
2025-05-08 20:35:32,742 - INFO - Создан объект игры RouletteGame
2025-05-08 20:35:32,742 - INFO - Инициализирована игра Рулетка
2025-05-08 20:35:32,742 - INFO - Бот инициализирован
2025-05-08 20:44:51,013 - INFO - Создан объект игры DiceGame
2025-05-08 20:44:51,013 - INFO - Инициализирована игра Кости
2025-05-08 20:44:51,013 - INFO - Создан объект игры RSPGame
2025-05-08 20:44:51,013 - INFO - Инициализирована игра Камень-Ножницы-Бумага
2025-05-08 20:44:51,013 - INFO - Создан объект игры RouletteGame
2025-05-08 20:44:51,013 - INFO - Инициализирована игра Рулетка
2025-05-08 20:44:51,013 - INFO - Бот инициализирован
2025-05-08 20:44:51,016 - INFO - Бот запущен и ожидает сообщений
2025-05-08 20:56:46,376 - INFO - Создан объект игры DiceGame
2025-05-08 20:56:46,376 - INFO - Инициализирована игра Кости
2025-05-08 20:56:46,376 - INFO - Создан объект игры RSPGame
2025-05-08 20:56:46,376 - INFO - Инициализирована игра Камень-Ножницы-Бумага
2025-05-08 20:56:46,376 - INFO - Создан объект игры RouletteGame
2025-05-08 20:56:46,376 - INFO - Инициализирована игра Рулетка
2025-05-08 20:56:46,376 - INFO - Бот инициализирован
2025-05-08 20:56:46,379 - INFO - Бот запущен и ожидает сообщений
2025-05-08 20:57:37,868 - INFO - Создан объект игры DiceGame
2025-05-08 20:57:37,868 - INFO - Инициализирована игра Кости
2025-05-08 20:57:37,868 - INFO - Создан объект игры RSPGame
2025-05-08 20:57:37,868 - INFO - Инициализирована игра Камень-Ножницы-Бумага
2025-05-08 20:57:37,868 - INFO - Создан объект игры RouletteGame
2025-05-08 20:57:37,868 - INFO - Инициализирована игра Рулетка
2025-05-08 20:57:37,868 - INFO - Бот инициализирован
2025-05-08 20:57:37,871 - INFO - Бот запущен и ожидает сообщений
2025-05-08 21:20:47,858 - INFO - Создан объект игры DiceGame
2025-05-08 21:20:47,858 - INFO - Инициализирована игра Кости
2025-05-08 21:20:47,859 - INFO - Создан объект игры RSPGame
2025-05-08 21:20:47,859 - INFO - Инициализирована игра Камень-Ножницы-Бумага
2025-05-08 21:20:47,859 - INFO - Создан объект игры RouletteGame
2025-05-08 21:20:47,859 - INFO - Инициализирована игра Рулетка
2025-05-08 21:20:47,859 - INFO - Бот инициализирован
2025-05-08 21:22:06,119 - INFO - Создан объект игры DiceGame
2025-05-08 21:22:06,119 - INFO - Инициализирована игра Кости
2025-05-08 21:22:06,119 - INFO - Создан объект игры RSPGame
2025-05-08 21:22:06,119 - INFO - Инициализирована игра Камень-Ножницы-Бумага
2025-05-08 21:22:06,119 - INFO - Создан объект игры RouletteGame
2025-05-08 21:22:06,120 - INFO - Инициализирована игра Рулетка
2025-05-08 21:22:06,120 - INFO - Бот инициализирован
2025-05-08 21:22:15,561 - INFO - Создан объект игры DiceGame
2025-05-08 21:22:15,561 - INFO - Инициализирована игра Кости
2025-05-08 21:22:15,561 - INFO - Создан объект игры RSPGame
2025-05-08 21:22:15,561 - INFO - Инициализирована игра Камень-Ножницы-Бумага
2025-05-08 21:22:15,562 - INFO - Создан объект игры RouletteGame
2025-05-08 21:22:15,562 - INFO - Инициализирована игра Рулетка
2025-05-08 21:22:15,562 - INFO - Бот инициализирован
2025-05-08 21:22:15,562 - INFO - Бот запущен и ожидает сообщений
2025-05-08 21:22:34,623 - INFO - Обработка callback от 1850367006: Dice
2025-05-08 21:22:34,623 - INFO - Запуск Кости для 1850367006
2025-05-08 21:22:36,580 - INFO - Кости: игрок 6 vs бот 5 (user: 1850367006)
2025-05-08 21:22:40,788 - INFO - Обработка callback от 1850367006: Back
2025-05-08 21:22:46,413 - INFO - Показано стартовое сообщение для 1850367006
2025-05-08 21:22:46,413 - INFO - Показано главное меню для 1850367006
2025-05-08 21:23:18,028 - INFO - Создан объект игры DiceGame
2025-05-08 21:23:18,028 - INFO - Инициализирована игра Кости
2025-05-08 21:23:18,028 - INFO - Создан объект игры RSPGame
2025-05-08 21:23:18,028 - INFO - Инициализирована игра Камень-Ножницы-Бумага
2025-05-08 21:23:18,028 - INFO - Создан объект игры RouletteGame
2025-05-08 21:23:18,029 - INFO - Инициализирована игра Рулетка
2025-05-08 21:23:18,029 - INFO - Бот инициализирован
2025-05-08 21:23:18,029 - INFO - Бот запущен и ожидает сообщений
2025-05-08 21:27:17,787 - INFO - Создан объект игры DiceGame
2025-05-08 21:27:17,788 - INFO - Инициализирована игра Кости
2025-05-08 21:27:17,788 - INFO - Создан объект игры RSPGame
2025-05-08 21:27:17,788 - INFO - Инициализирована игра Камень-Ножницы-Бумага
2025-05-08 21:27:17,788 - INFO - Создан объект игры RouletteGame
2025-05-08 21:27:17,788 - INFO - Инициализирована игра Рулетка
2025-05-08 21:27:17,788 - INFO - Бот инициализирован
2025-05-08 21:27:17,788 - INFO - Бот запущен и ожидает сообщений
2025-05-08 21:27:25,913 - INFO - Обработка callback от 1850367006: Dice
2025-05-08 21:27:25,914 - INFO - Запуск Кости для 1850367006
2025-05-08 21:27:27,634 - INFO - Кости: игрок 6 vs бот 3 (user: 1850367006)
2025-05-08 21:27:50,301 - INFO - Обработка callback от 1850367006: RestartDice
2025-05-08 21:27:50,302 - INFO - Кости: игрок 1 vs бот 3 (user: 1850367006)
2025-05-08 21:27:54,891 - INFO - Обработка callback от 1850367006: RestartDice
2025-05-08 21:27:54,891 - INFO - Кости: игрок 6 vs бот 6 (user: 1850367006)
2025-05-08 21:27:55,981 - INFO - Обработка callback от 1850367006: RestartDice
2025-05-08 21:27:55,981 - INFO - Кости: игрок 2 vs бот 6 (user: 1850367006)
2025-05-08 21:28:01,103 - INFO - Обработка callback от 1850367006: RestartDice
2025-05-08 21:28:01,103 - INFO - Кости: игрок 1 vs бот 2 (user: 1850367006)
2025-05-08 21:28:02,455 - INFO - Обработка callback от 1850367006: Back
2025-05-08 21:28:04,434 - INFO - Показано стартовое сообщение для 1850367006
2025-05-08 21:28:04,434 - INFO - Показано главное меню для 1850367006
2025-05-08 21:28:07,491 - INFO - Обработка callback от 1850367006: RSP
2025-05-08 21:28:07,491 - INFO - Запуск игры Камень-Ножницы-Бумага для 1850367006
2025-05-08 21:28:20,007 - INFO - Обработка callback от 1850367006: Stone
2025-05-08 21:28:20,007 - INFO - Пользователь 1850367006 выбрал Stone, бот выбрал Paper
2025-05-08 21:28:24,276 - INFO - Обработка callback от 1850367006: RestartRSP
2025-05-08 21:28:24,276 - INFO - Пользователь 1850367006 выбрал RestartRSP, бот выбрал Stone
2025-05-08 21:28:24,277 - ERROR - Ошибка в игре: 'RestartRSP'
2025-05-08 21:28:24,277 - ERROR - Ошибка обработки callback: Всё игры накрылись.
2025-05-08 21:28:30,171 - INFO - Обработка callback от 1850367006: Back
2025-05-08 21:28:32,023 - INFO - Показано стартовое сообщение для 1850367006
2025-05-08 21:28:32,023 - INFO - Показано главное меню для 1850367006
2025-05-08 21:28:35,179 - INFO - Обработка callback от 1850367006: RSP
2025-05-08 21:28:35,179 - INFO - Запуск игры Камень-Ножницы-Бумага для 1850367006
2025-05-08 21:28:45,662 - INFO - Обработка callback от 1850367006: Paper
2025-05-08 21:28:45,662 - INFO - Пользователь 1850367006 выбрал Paper, бот выбрал Scissors
2025-05-08 21:28:49,885 - INFO - Обработка callback от 1850367006: Back
2025-05-08 21:28:52,233 - INFO - Показано стартовое сообщение для 1850367006
2025-05-08 21:28:52,233 - INFO - Показано главное меню для 1850367006
2025-05-08 21:28:54,023 - INFO - Обработка callback от 1850367006: RSP
2025-05-08 21:28:54,023 - INFO - Запуск игры Камень-Ножницы-Бумага для 1850367006
2025-05-08 21:29:58,463 - INFO - Обработка callback от 1850367006: Stone
2025-05-08 21:29:58,464 - INFO - Пользователь 1850367006 выбрал Stone, бот выбрал Scissors
2025-05-08 21:30:03,777 - INFO - Обработка callback от 1850367006: Back
2025-05-08 21:30:05,304 - INFO - Показано стартовое сообщение для 1850367006
2025-05-08 21:30:05,305 - INFO - Показано главное меню для 1850367006
2025-05-08 21:30:07,107 - INFO - Обработка callback от 1850367006: Dice
2025-05-08 21:30:07,108 - INFO - Запуск Кости для 1850367006
2025-05-08 21:30:08,515 - INFO - Кости: игрок 3 vs бот 1 (user: 1850367006)
2025-05-08 21:30:12,776 - INFO - Обработка callback от 1850367006: RestartDice
2025-05-08 21:30:12,777 - INFO - Кости: игрок 2 vs бот 3 (user: 1850367006)
2025-05-08 21:30:15,967 - INFO - Обработка callback от 1850367006: RestartDice
2025-05-08 21:30:15,967 - INFO - Кости: игрок 3 vs бот 6 (user: 1850367006)
2025-05-08 21:30:19,073 - INFO - Обработка callback от 1850367006: RestartDice
2025-05-08 21:30:19,073 - INFO - Кости: игрок 3 vs бот 2 (user: 1850367006)
2025-05-08 21:30:21,503 - INFO - Обработка callback от 1850367006: RestartDice
2025-05-08 21:30:21,504 - INFO - Кости: игрок 3 vs бот 3 (user: 1850367006)
2025-05-08 21:30:24,042 - INFO - Обработка callback от 1850367006: RestartDice
2025-05-08 21:30:24,043 - INFO - Кости: игрок 3 vs бот 6 (user: 1850367006)
2025-05-08 21:30:26,038 - INFO - Обработка callback от 1850367006: RestartDice
2025-05-08 21:30:26,039 - INFO - Кости: игрок 4 vs бот 1 (user: 1850367006)
2025-05-08 21:30:27,547 - INFO - Обработка callback от 1850367006: RestartDice
2025-05-08 21:30:27,549 - INFO - Кости: игрок 1 vs бот 1 (user: 1850367006)
2025-05-08 21:30:29,536 - INFO - Обработка callback от 1850367006: RestartDice
2025-05-08 21:30:29,536 - INFO - Кости: игрок 5 vs бот 4 (user: 1850367006)
2025-05-08 21:30:31,314 - INFO - Обработка callback от 1850367006: RestartDice
2025-05-08 21:30:31,314 - INFO - Кости: игрок 4 vs бот 2 (user: 1850367006)
2025-05-08 21:30:32,938 - INFO - Обработка callback от 1850367006: RestartDice
2025-05-08 21:30:32,938 - INFO - Кости: игрок 1 vs бот 2 (user: 1850367006)
2025-05-08 21:30:35,017 - INFO - Обработка callback от 1850367006: RestartDice
2025-05-08 21:30:35,017 - INFO - Кости: игрок 5 vs бот 2 (user: 1850367006)
2025-05-08 21:30:36,893 - INFO - Обработка callback от 1850367006: RestartDice
2025-05-08 21:30:36,893 - INFO - Кости: игрок 4 vs бот 2 (user: 1850367006)
2025-05-08 21:30:50,663 - INFO - Обработка callback от 1850367006: RestartDice
2025-05-08 21:30:50,663 - INFO - Кости: игрок 2 vs бот 4 (user: 1850367006)
2025-05-08 21:31:00,953 - INFO - Обработка callback от 1850367006: RestartDice
2025-05-08 21:31:00,954 - INFO - Кости: игрок 2 vs бот 4 (user: 1850367006)
2025-05-08 21:31:09,113 - INFO - Обработка callback от 1850367006: Back
2025-05-08 21:31:10,378 - INFO - Показано стартовое сообщение для 1850367006
2025-05-08 21:31:10,378 - INFO - Показано главное меню для 1850367006
2025-05-08 21:31:11,656 - INFO - Обработка callback от 1850367006: Roulette
2025-05-08 21:31:11,656 - INFO - Запуск рулетки для 1850367006
2025-05-08 21:31:12,994 - INFO - Рулетка для 1850367006: 🍆 | 🍒 | 🍆
2025-05-08 21:31:15,506 - INFO - Обработка callback от 1850367006: RestartRoulette
2025-05-08 21:31:15,507 - INFO - Рулетка для 1850367006: 💯 | 💯 | 🍓
2025-05-08 21:31:17,856 - INFO - Обработка callback от 1850367006: RestartRoulette
2025-05-08 21:31:17,856 - INFO - Рулетка для 1850367006: 🍓 | 🍆 | 💯
2025-05-08 21:31:20,276 - INFO - Обработка callback от 1850367006: RestartRoulette
2025-05-08 21:31:20,276 - INFO - Рулетка для 1850367006: 💯 | 🍒 | 🍆
2025-05-08 21:31:22,724 - INFO - Обработка callback от 1850367006: RestartRoulette
2025-05-08 21:31:22,724 - INFO - Рулетка для 1850367006: 💯 | 🍒 | 💯
2025-05-08 21:31:24,920 - INFO - Обработка callback от 1850367006: RestartRoulette
2025-05-08 21:31:24,921 - INFO - Рулетка для 1850367006: 💯 | 🍓 | 🍆
2025-05-08 21:31:27,116 - INFO - Обработка callback от 1850367006: RestartRoulette
2025-05-08 21:31:27,116 - INFO - Рулетка для 1850367006: 🍓 | 🍆 | 🍆
2025-05-08 21:31:30,444 - INFO - Обработка callback от 1850367006: RestartRoulette
2025-05-08 21:31:30,444 - INFO - Рулетка для 1850367006: 🍓 | 💯 | 🍒
2025-05-08 21:31:32,521 - INFO - Обработка callback от 1850367006: RestartRoulette
2025-05-08 21:31:32,521 - INFO - Рулетка для 1850367006: 💯 | 🍆 | 🍓
2025-05-08 21:31:33,865 - INFO - Обработка callback от 1850367006: Back
2025-05-08 21:31:34,945 - INFO - Обработка callback от 1850367006: RestartRoulette
2025-05-08 21:31:34,945 - INFO - Рулетка для 1850367006: 🍓 | 🍓 | 🍒
2025-05-08 21:31:35,218 - INFO - Показано стартовое сообщение для 1850367006
2025-05-08 21:31:35,218 - INFO - Показано главное меню для 1850367006
2025-05-08 21:31:37,690 - INFO - Обработка callback от 1850367006: RestartRoulette
2025-05-08 21:31:37,690 - INFO - Рулетка для 1850367006: 💯 | 🍆 | 🍒
2025-05-08 21:31:40,167 - INFO - Обработка callback от 1850367006: RestartRoulette
2025-05-08 21:31:40,168 - INFO - Рулетка для 1850367006: 🍓 | 🍒 | 💯
2025-05-08 21:31:42,507 - INFO - Обработка callback от 1850367006: RestartRoulette
2025-05-08 21:31:42,507 - INFO - Рулетка для 1850367006: 🍆 | 🍒 | 🍆
2025-05-08 21:31:44,576 - INFO - Обработка callback от 1850367006: RestartRoulette
2025-05-08 21:31:44,576 - INFO - Рулетка для 1850367006: 🍒 | 🍒 | 🍓
2025-05-08 21:31:46,520 - INFO - Обработка callback от 1850367006: RestartRoulette
2025-05-08 21:31:46,520 - INFO - Рулетка для 1850367006: 💯 | 🍒 | 🍒
2025-05-08 21:31:48,896 - INFO - Обработка callback от 1850367006: RestartRoulette
2025-05-08 21:31:48,897 - INFO - Рулетка для 1850367006: 🍒 | 🍆 | 💯
2025-05-08 21:31:51,281 - INFO - Обработка callback от 1850367006: RestartRoulette
2025-05-08 21:31:51,281 - INFO - Рулетка для 1850367006: 🍆 | 🍆 | 💯
2025-05-08 21:31:53,585 - INFO - Обработка callback от 1850367006: RestartRoulette
2025-05-08 21:31:53,585 - INFO - Рулетка для 1850367006: 💯 | 💯 | 🍆
2025-05-08 21:31:55,824 - INFO - Обработка callback от 1850367006: RestartRoulette
2025-05-08 21:31:55,824 - INFO - Рулетка для 1850367006: 🍆 | 🍆 | 🍒
2025-05-08 21:31:58,218 - INFO - Обработка callback от 1850367006: RestartRoulette
2025-05-08 21:31:58,218 - INFO - Рулетка для 1850367006: 🍒 | 💯 | 💯
2025-05-08 21:32:00,326 - INFO - Обработка callback от 1850367006: RestartRoulette
2025-05-08 21:32:00,326 - INFO - Рулетка для 1850367006: 💯 | 🍒 | 💯
2025-05-08 21:32:02,664 - INFO - Обработка callback от 1850367006: RestartRoulette
2025-05-08 21:32:02,664 - INFO - Рулетка для 1850367006: 🍒 | 🍆 | 🍒
2025-05-08 21:32:05,455 - INFO - Обработка callback от 1850367006: RestartRoulette
2025-05-08 21:32:05,455 - INFO - Рулетка для 1850367006: 💯 | 🍆 | 🍓
2025-05-08 21:32:08,528 - INFO - Обработка callback от 1850367006: RestartRoulette
2025-05-08 21:32:08,528 - INFO - Рулетка для 1850367006: 🍆 | 💯 | 🍆
2025-05-08 21:32:10,854 - INFO - Обработка callback от 1850367006: RestartRoulette
2025-05-08 21:32:10,855 - INFO - Рулетка для 1850367006: 🍆 | 💯 | 🍒
2025-05-08 21:32:13,014 - INFO - Обработка callback от 1850367006: RestartRoulette
2025-05-08 21:32:13,014 - INFO - Рулетка для 1850367006: 🍆 | 🍆 | 🍓
2025-05-08 21:32:15,315 - INFO - Обработка callback от 1850367006: RestartRoulette
2025-05-08 21:32:15,315 - INFO - Рулетка для 1850367006: 🍆 | 🍆 | 🍆
2025-05-08 21:32:17,336 - INFO - Обработка callback от 1850367006: RestartRoulette
2025-05-08 21:32:17,336 - INFO - Рулетка для 1850367006: 💯 | 💯 | 🍒
2025-05-08 21:33:19,489 - INFO - Обработка callback от 1850367006: RestartRoulette
2025-05-08 21:33:19,490 - INFO - Рулетка для 1850367006: 🍓 | 💯 | 💯
2025-05-08 21:33:21,470 - INFO - Обработка callback от 1850367006: Back
2025-05-08 21:33:22,877 - INFO - Показано стартовое сообщение для 1850367006
2025-05-08 21:33:22,877 - INFO - Показано главное меню для 1850367006
2025-05-08 21:33:24,747 - INFO - Обработка callback от 1850367006: Roulette
2025-05-08 21:33:24,747 - INFO - Запуск рулетки для 1850367006
2025-05-08 21:33:26,050 - INFO - Рулетка для 1850367006: 🍒 | 🍒 | 💯
2025-05-08 21:33:28,615 - INFO - Обработка callback от 1850367006: RestartRoulette
2025-05-08 21:33:28,615 - INFO - Рулетка для 1850367006: 🍒 | 🍒 | 💯
2025-05-08 21:33:30,775 - INFO - Обработка callback от 1850367006: RestartRoulette
2025-05-08 21:33:30,775 - INFO - Рулетка для 1850367006: 🍒 | 💯 | 🍓
2025-05-08 21:33:33,048 - INFO - Обработка callback от 1850367006: Back
2025-05-08 21:33:34,424 - INFO - Показано стартовое сообщение для 1850367006
2025-05-08 21:33:34,425 - INFO - Показано главное меню для 1850367006
2025-05-08 21:33:35,401 - INFO - Обработка callback от 1850367006: Balance
2025-05-08 21:33:35,597 - INFO - Показан баланс для 1850367006
2025-05-08 21:33:37,007 - INFO - Обработка callback от 1850367006: Back
2025-05-08 21:33:38,436 - INFO - Показано стартовое сообщение для 1850367006
2025-05-08 21:33:38,436 - INFO - Показано главное меню для 1850367006
2025-05-08 21:33:40,280 - INFO - Обработка callback от 1850367006: Roulette
2025-05-08 21:33:40,280 - INFO - Запуск рулетки для 1850367006
2025-05-08 21:33:41,765 - INFO - Рулетка для 1850367006: 🍓 | 🍆 | 🍆
2025-05-08 21:33:44,099 - INFO - Обработка callback от 1850367006: RestartRoulette
2025-05-08 21:33:44,100 - INFO - Рулетка для 1850367006: 🍓 | 🍆 | 🍓
2025-05-08 21:33:46,166 - INFO - Обработка callback от 1850367006: RestartRoulette
2025-05-08 21:33:46,166 - INFO - Рулетка для 1850367006: 🍓 | 💯 | 🍓
2025-05-08 21:33:48,147 - INFO - Обработка callback от 1850367006: RestartRoulette
2025-05-08 21:33:48,147 - INFO - Рулетка для 1850367006: 🍒 | 💯 | 🍓
2025-05-08 21:33:50,415 - INFO - Обработка callback от 1850367006: RestartRoulette
2025-05-08 21:33:50,415 - INFO - Рулетка для 1850367006: 💯 | 🍆 | 💯
2025-05-08 21:33:52,555 - INFO - Обработка callback от 1850367006: RestartRoulette
2025-05-08 21:33:52,556 - INFO - Рулетка для 1850367006: 🍒 | 🍆 | 🍆
2025-05-08 21:33:57,376 - INFO - Обработка callback от 1850367006: RestartRoulette
2025-05-08 21:33:57,377 - INFO - Рулетка для 1850367006: 🍆 | 💯 | 🍒
2025-05-08 21:33:59,541 - INFO - Обработка callback от 1850367006: RestartRoulette
2025-05-08 21:33:59,541 - INFO - Рулетка для 1850367006: 💯 | 🍒 | 🍆
2025-05-08 21:34:13,027 - INFO - Обработка callback от 1850367006: RestartRoulette
2025-05-08 21:34:13,027 - INFO - Рулетка для 1850367006: 💯 | 🍒 | 🍒
2025-05-08 21:34:15,189 - INFO - Обработка callback от 1850367006: RestartRoulette
2025-05-08 21:34:15,189 - INFO - Рулетка для 1850367006: 🍒 | 💯 | 💯
2025-05-08 22:20:57,460 - INFO - Создан объект игры DiceGame
2025-05-08 22:20:57,460 - INFO - Инициализирована игра Кости
2025-05-08 22:20:57,460 - INFO - Создан объект игры RSPGame
2025-05-08 22:20:57,460 - INFO - Инициализирована игра Камень-Ножницы-Бумага
2025-05-08 22:20:57,460 - INFO - Создан объект игры RouletteGame
2025-05-08 22:20:57,460 - INFO - Инициализирована игра Рулетка
2025-05-08 22:20:57,460 - INFO - Бот инициализирован
2025-05-08 22:20:57,460 - INFO - Бот запущен и ожидает сообщений
2025-05-08 22:21:04,294 - INFO - Обработка callback от 1850367006: Back
2025-05-08 22:21:07,522 - INFO - Показано стартовое сообщение для 1850367006
2025-05-08 22:21:07,523 - INFO - Показано главное меню для 1850367006
2025-05-08 22:21:11,841 - INFO - Обработка callback от 1850367006: Dice
2025-05-08 22:21:11,841 - INFO - Запуск Кости для 1850367006
2025-05-08 22:21:13,457 - INFO - Кости: игрок 4 vs бот 6 (user: 1850367006)
2025-05-08 22:22:28,454 - INFO - Обработка callback от 5740745926: RestartRSP
2025-05-08 22:22:28,454 - INFO - Пользователь 5740745926 выбрал RestartRSP, бот выбрал Scissors
2025-05-08 22:22:28,454 - ERROR - Ошибка в игре: 'RestartRSP'
2025-05-08 22:22:28,454 - ERROR - Ошибка обработки callback: Всё игры накрылись.
2025-05-08 22:22:49,145 - INFO - Обработка callback от 5740745926: Stone
2025-05-08 22:22:49,145 - INFO - Пользователь 5740745926 выбрал Stone, бот выбрал Stone
2025-05-08 22:22:57,952 - INFO - Обработка callback от 5740745926: RestartRSP
2025-05-08 22:22:57,953 - INFO - Пользователь 5740745926 выбрал RestartRSP, бот выбрал Paper
2025-05-08 22:22:57,953 - ERROR - Ошибка в игре: 'RestartRSP'
2025-05-08 22:22:57,953 - ERROR - Ошибка обработки callback: Всё игры накрылись.
2025-05-08 22:23:01,895 - INFO - Обработка callback от 1850367006: RestartDice
2025-05-08 22:23:01,895 - INFO - Кости: игрок 4 vs бот 5 (user: 1850367006)
2025-05-08 22:23:03,333 - INFO - Обработка callback от 1850367006: RestartDice
2025-05-08 22:23:03,333 - INFO - Кости: игрок 5 vs бот 2 (user: 1850367006)
2025-05-08 22:23:04,234 - INFO - Обработка callback от 1850367006: Back
2025-05-08 22:23:09,365 - INFO - Показано стартовое сообщение для 1850367006
2025-05-08 22:23:09,365 - INFO - Показано главное меню для 1850367006
2025-05-08 22:26:10,743 - INFO - Показано стартовое сообщение для 786826451
2025-05-08 22:26:14,497 - INFO - Обработка callback от 786826451: Dice
2025-05-08 22:26:14,498 - INFO - Запуск Кости для 786826451
2025-05-08 22:26:15,949 - INFO - Кости: игрок 4 vs бот 4 (user: 786826451)
2025-05-08 22:26:22,866 - INFO - Обработка callback от 786826451: RestartDice
2025-05-08 22:26:22,866 - INFO - Кости: игрок 5 vs бот 5 (user: 786826451)
2025-05-08 22:26:25,569 - INFO - Обработка callback от 786826451: RestartDice
2025-05-08 22:26:25,570 - INFO - Кости: игрок 5 vs бот 4 (user: 786826451)
2025-05-08 22:26:31,329 - INFO - Обработка callback от 786826451: RestartDice
2025-05-08 22:26:31,330 - INFO - Кости: игрок 5 vs бот 3 (user: 786826451)
2025-05-08 22:26:34,352 - INFO - Обработка callback от 786826451: RestartDice
2025-05-08 22:26:34,353 - INFO - Кости: игрок 2 vs бот 3 (user: 786826451)
2025-05-08 22:26:37,121 - INFO - Обработка callback от 786826451: RestartDice
2025-05-08 22:26:37,121 - INFO - Кости: игрок 5 vs бот 1 (user: 786826451)
2025-05-08 22:26:39,828 - INFO - Обработка callback от 786826451: Back
2025-05-08 22:26:43,851 - INFO - Обработка callback от 786826451: RestartDice
2025-05-08 22:26:43,853 - INFO - Кости: игрок 2 vs бот 3 (user: 786826451)
2025-05-08 22:26:44,829 - INFO - Показано стартовое сообщение для 786826451
2025-05-08 22:26:44,829 - INFO - Показано главное меню для 786826451
2025-05-08 22:26:48,786 - INFO - Обработка callback от 786826451: RSP
2025-05-08 22:26:48,787 - INFO - Запуск игры Камень-Ножницы-Бумага для 786826451
2025-05-08 22:26:53,739 - INFO - Обработка callback от 786826451: Scissors
2025-05-08 22:26:53,740 - INFO - Пользователь 786826451 выбрал Scissors, бот выбрал Scissors
2025-05-08 22:26:56,763 - INFO - Обработка callback от 786826451: RestartRSP
2025-05-08 22:26:56,765 - INFO - Пользователь 786826451 выбрал RestartRSP, бот выбрал Scissors
2025-05-08 22:26:56,765 - ERROR - Ошибка в игре: 'RestartRSP'
2025-05-08 22:26:56,765 - ERROR - Ошибка обработки callback: Всё игры накрылись.
2025-05-08 22:27:22,086 - INFO - Обработка callback от 786826451: RestartRSP
2025-05-08 22:27:22,086 - INFO - Пользователь 786826451 выбрал RestartRSP, бот выбрал Paper
2025-05-08 22:27:22,087 - ERROR - Ошибка в игре: 'RestartRSP'
2025-05-08 22:27:22,087 - ERROR - Ошибка обработки callback: Всё игры накрылись.
2025-05-08 22:27:25,893 - INFO - Обработка callback от 786826451: RestartRSP
2025-05-08 22:27:25,893 - INFO - Пользователь 786826451 выбрал RestartRSP, бот выбрал Paper
2025-05-08 22:27:25,893 - ERROR - Ошибка в игре: 'RestartRSP'
2025-05-08 22:27:25,893 - ERROR - Ошибка обработки callback: Всё игры накрылись.
2025-05-08 22:34:14,154 - INFO - Создан объект игры DiceGame
2025-05-08 22:34:14,154 - INFO - Инициализирована игра Кости
2025-05-08 22:34:14,154 - INFO - Создан объект игры RSPGame
2025-05-08 22:34:14,154 - INFO - Инициализирована игра Камень-Ножницы-Бумага
2025-05-08 22:34:14,154 - INFO - Создан объект игры RouletteGame
2025-05-08 22:34:14,154 - INFO - Инициализирована игра Рулетка
2025-05-08 22:34:14,154 - INFO - Бот инициализирован
2025-05-08 22:34:14,155 - INFO - Бот запущен и ожидает сообщений
2025-05-08 22:34:37,034 - INFO - Создан объект игры DiceGame
2025-05-08 22:34:37,034 - INFO - Инициализирована игра Кости
2025-05-08 22:34:37,034 - INFO - Создан объект игры RSPGame
2025-05-08 22:34:37,034 - INFO - Инициализирована игра Камень-Ножницы-Бумага
2025-05-08 22:34:37,034 - INFO - Создан объект игры RouletteGame
2025-05-08 22:34:37,034 - INFO - Инициализирована игра Рулетка
2025-05-08 22:34:37,034 - INFO - Бот инициализирован
2025-05-08 22:34:37,035 - INFO - Бот запущен и ожидает сообщений
2025-05-08 22:37:33,103 - INFO - Создан объект игры DiceGame
2025-05-08 22:37:33,103 - INFO - Инициализирована игра Кости
2025-05-08 22:37:33,104 - INFO - Создан объект игры RSPGame
2025-05-08 22:37:33,104 - INFO - Инициализирована игра Камень-Ножницы-Бумага
2025-05-08 22:37:33,104 - INFO - Создан объект игры RouletteGame
2025-05-08 22:37:33,104 - INFO - Инициализирована игра Рулетка
2025-05-08 22:37:33,104 - INFO - Бот инициализирован
2025-05-08 22:37:33,104 - INFO - Бот запущен и ожидает сообщений
2025-05-08 22:38:02,556 - INFO - Создан объект игры DiceGame
2025-05-08 22:38:02,556 - INFO - Инициализирована игра Кости
2025-05-08 22:38:02,556 - INFO - Создан объект игры RSPGame
2025-05-08 22:38:02,556 - INFO - Инициализирована игра Камень-Ножницы-Бумага
2025-05-08 22:38:02,556 - INFO - Создан объект игры RouletteGame
2025-05-08 22:38:02,556 - INFO - Инициализирована игра Рулетка
2025-05-08 22:38:02,556 - INFO - Бот инициализирован
2025-05-08 22:38:02,556 - INFO - Бот запущен и ожидает сообщений
2025-05-08 22:39:23,484 - INFO - Создан объект игры DiceGame
2025-05-08 22:39:23,484 - INFO - Инициализирована игра Кости
2025-05-08 22:39:23,484 - INFO - Создан объект игры RSPGame
2025-05-08 22:39:23,484 - INFO - Инициализирована игра Камень-Ножницы-Бумага
2025-05-08 22:39:23,484 - INFO - Создан объект игры RouletteGame
2025-05-08 22:39:23,484 - INFO - Инициализирована игра Рулетка
2025-05-08 22:39:23,484 - INFO - Бот инициализирован
2025-05-08 22:39:23,485 - INFO - Бот запущен и ожидает сообщений
2025-05-08 22:39:28,937 - INFO - Обработка callback от 1850367006: Dice
2025-05-08 22:39:28,937 - INFO - Запуск Кости для 1850367006
2025-05-08 22:39:30,620 - INFO - Кости: игрок 6 vs бот 5 (user: 1850367006)
2025-05-08 22:40:22,562 - INFO - Создан объект игры DiceGame
2025-05-08 22:40:22,562 - INFO - Инициализирована игра Кости
2025-05-08 22:40:22,562 - INFO - Создан объект игры RSPGame
2025-05-08 22:40:22,562 - INFO - Инициализирована игра Камень-Ножницы-Бумага
2025-05-08 22:40:22,562 - INFO - Создан объект игры RouletteGame
2025-05-08 22:40:22,562 - INFO - Инициализирована игра Рулетка
2025-05-08 22:40:22,562 - INFO - Бот инициализирован
2025-05-08 22:40:22,562 - INFO - Бот запущен и ожидает сообщений
2025-05-08 22:40:31,035 - INFO - Обработка callback от 1850367006: Back
2025-05-08 22:40:34,495 - INFO - Показано стартовое сообщение для 1850367006
2025-05-08 22:40:34,495 - INFO - Показано главное меню для 1850367006
2025-05-08 22:40:36,026 - INFO - Обработка callback от 1850367006: RSP
2025-05-08 22:40:36,026 - INFO - Запуск игры Камень-Ножницы-Бумага для 1850367006
2025-05-08 22:40:38,955 - INFO - Обработка callback от 1850367006: Stone
2025-05-08 22:40:38,955 - INFO - Пользователь 1850367006 выбрал Stone, бот выбрал Paper
2025-05-08 22:40:40,524 - INFO - Обработка callback от 1850367006: RestartRSP
2025-05-08 22:40:40,524 - INFO - Пользователь 1850367006 выбрал RestartRSP, бот выбрал Scissors
2025-05-08 22:40:40,524 - ERROR - Ошибка в игре: 'RestartRSP'
2025-05-08 22:40:40,524 - ERROR - Ошибка обработки callback: Всё игры накрылись.
2025-05-08 22:40:41,763 - INFO - Обработка callback от 1850367006: Back
2025-05-08 22:40:45,256 - INFO - Показано стартовое сообщение для 1850367006
2025-05-08 22:40:45,256 - INFO - Показано главное меню для 1850367006
2025-05-08 22:40:46,923 - INFO - Обработка callback от 1850367006: Balance
2025-05-08 22:40:47,146 - INFO - Показан баланс для 1850367006
2025-05-08 22:40:48,266 - INFO - Обработка callback от 1850367006: Back
2025-05-08 22:40:49,952 - INFO - Обработка callback от 1850367006: Roulette
2025-05-08 22:40:49,952 - INFO - Запуск рулетки для 1850367006
2025-05-08 22:40:53,100 - INFO - Рулетка для 1850367006: 🍒 | 🍒 | 🍆
2025-05-08 22:40:53,481 - INFO - Показано стартовое сообщение для 1850367006
2025-05-08 22:40:53,482 - INFO - Показано главное меню для 1850367006
2025-05-08 22:40:55,617 - INFO - Обработка callback от 1850367006: RestartRoulette
2025-05-08 22:40:55,617 - INFO - Рулетка для 1850367006: 🍓 | 💯 | 🍓
2025-05-08 22:41:00,199 - INFO - Обработка callback от 1850367006: Back
2025-05-08 22:41:03,040 - INFO - Обработка callback от 1850367006: Dice
2025-05-08 22:41:03,040 - INFO - Запуск Кости для 1850367006
2025-05-08 22:41:05,881 - INFO - Показано стартовое сообщение для 1850367006
2025-05-08 22:41:05,881 - INFO - Показано главное меню для 1850367006
2025-05-08 22:41:06,693 - INFO - Кости: игрок 6 vs бот 1 (user: 1850367006)
2025-05-08 22:41:08,116 - INFO - Обработка callback от 1850367006: RestartDice
2025-05-08 22:41:08,117 - INFO - Кости: игрок 4 vs бот 2 (user: 1850367006)
2025-05-08 22:41:10,006 - INFO - Обработка callback от 1850367006: RestartDice
2025-05-08 22:41:10,006 - INFO - Кости: игрок 5 vs бот 6 (user: 1850367006)
2025-05-09 18:48:54,760 - INFO - Создан объект игры DiceGame
2025-05-09 18:48:54,761 - INFO - Инициализирована игра Кости
2025-05-09 18:48:54,761 - INFO - Создан объект игры RSPGame
2025-05-09 18:48:54,761 - INFO - Инициализирована игра Камень-Ножницы-Бумага
2025-05-09 18:48:54,761 - INFO - Создан объект игры RouletteGame
2025-05-09 18:48:54,761 - INFO - Инициализирована игра Рулетка
2025-05-09 18:48:54,761 - INFO - Бот инициализирован
2025-05-09 18:48:54,761 - INFO - Бот запущен и ожидает сообщений
2025-05-09 18:49:12,509 - INFO - Обработка callback от 1850367006: Back
2025-05-09 18:49:13,582 - INFO - Показано стартовое сообщение для 1850367006
2025-05-09 18:49:13,582 - INFO - Показано главное меню для 1850367006
2025-05-09 18:49:19,517 - INFO - Обработка callback от 1850367006: Dice
2025-05-09 18:49:19,517 - INFO - Запуск Кости для 1850367006
2025-05-09 18:49:20,735 - INFO - Кости: игрок 1 vs бот 6 (user: 1850367006)
2025-05-09 18:49:24,528 - INFO - Обработка callback от 1850367006: RestartDice
2025-05-09 18:49:24,528 - INFO - Кости: игрок 5 vs бот 4 (user: 1850367006)
2025-05-09 18:51:26,422 - INFO - Обработка callback от 1850367006: RestartDice
2025-05-09 18:51:26,422 - INFO - Кости: игрок 1 vs бот 1 (user: 1850367006)
2025-05-09 18:51:27,679 - INFO - Обработка callback от 1850367006: RestartDice
2025-05-09 18:51:27,679 - INFO - Кости: игрок 5 vs бот 5 (user: 1850367006)
2025-05-09 18:51:28,778 - INFO - Обработка callback от 1850367006: RestartDice
2025-05-09 18:51:28,779 - INFO - Кости: игрок 2 vs бот 2 (user: 1850367006)
